# JRE version: OpenJDK Runtime Environment Temurin-17.0.7+7 (17.0.7+7) (build 17.0.7+7)
# Java VM: OpenJDK 64-Bit Server VM Temurin-17.0.7+7 (17.0.7+7, mixed mode, emulated-client, tiered, compressed oops, compressed class ptrs, g1 gc, windows-amd64)
GC Precious Log:
 CPUs: 4 total, 4 available
 Memory: 3659M
 Large Page Support: Disabled
 NUMA Support: Disabled
 Compressed Oops: Enabled (32-bit)
 Heap Region Size: 1M
 Heap Min Capacity: 8M
 Heap Initial Capacity: 58M
 Heap Max Capacity: 1G
 Pre-touch: Disabled
 Parallel Workers: 4
 Concurrent Workers: 1
 Concurrent Refinement Workers: 4
 Periodic GC: Disabled
Heap:
 garbage-first heap   total 491520K, used 155568K [0x00000000c0000000, 0x0000000100000000)
  region size 1024K, 29 young (29696K), 29 survivors (29696K)
 Metaspace       used 46798K, committed 47296K, reserved 1114112K
  class space    used 6050K, committed 6272K, reserved 1048576K
GC Heap History (20 events):
Event: 23.462 GC heap after
{Heap after GC invocations=30 (full 0):
 garbage-first heap   total 192512K, used 77468K [0x00000000c0000000, 0x0000000100000000)
  region size 1024K, 7 young (7168K), 7 survivors (7168K)
 Metaspace       used 40563K, committed 41088K, reserved 1114112K
  class space    used 5205K, committed 5440K, reserved 1048576K
}
Event: 23.466 GC heap before
{Heap before GC invocations=30 (full 0):
 garbage-first heap   total 192512K, used 78492K [0x00000000c0000000, 0x0000000100000000)
  region size 1024K, 9 young (9216K), 7 survivors (7168K)
 Metaspace       used 40577K, committed 41088K, reserved 1114112K
  class space    used 5207K, committed 5440K, reserved 1048576K
}
Event: 23.478 GC heap after
{Heap after GC invocations=31 (full 0):
 garbage-first heap   total 192512K, used 78003K [0x00000000c0000000, 0x0000000100000000)
  region size 1024K, 1 young (1024K), 1 survivors (1024K)
 Metaspace       used 40577K, committed 41088K, reserved 1114112K
  class space    used 5207K, committed 5440K, reserved 1048576K
}
Event: 23.529 GC heap before
{Heap before GC invocations=31 (full 0):
 garbage-first heap   total 192512K, used 123059K [0x00000000c0000000, 0x0000000100000000)
  region size 1024K, 46 young (47104K), 1 survivors (1024K)
 Metaspace       used 40672K, committed 41152K, reserved 1114112K
  class space    used 5226K, committed 5440K, reserved 1048576K
}
Event: 23.532 GC heap after
{Heap after GC invocations=32 (full 0):
 garbage-first heap   total 192512K, used 79027K [0x00000000c0000000, 0x0000000100000000)
  region size 1024K, 2 young (2048K), 2 survivors (2048K)
 Metaspace       used 40672K, committed 41152K, reserved 1114112K
  class space    used 5226K, committed 5440K, reserved 1048576K
}
Event: 23.588 GC heap before
{Heap before GC invocations=32 (full 0):
 garbage-first heap   total 192512K, used 126131K [0x00000000c0000000, 0x0000000100000000)
  region size 1024K, 49 young (50176K), 2 survivors (2048K)
 Metaspace       used 40758K, committed 41216K, reserved 1114112K
  class space    used 5241K, committed 5440K, reserved 1048576K
}
Event: 23.592 GC heap after
{Heap after GC invocations=33 (full 0):
 garbage-first heap   total 192512K, used 81075K [0x00000000c0000000, 0x0000000100000000)
  region size 1024K, 4 young (4096K), 4 survivors (4096K)
 Metaspace       used 40758K, committed 41216K, reserved 1114112K
  class space    used 5241K, committed 5440K, reserved 1048576K
}
Event: 23.667 GC heap before
{Heap before GC invocations=33 (full 0):
 garbage-first heap   total 192512K, used 133299K [0x00000000c0000000, 0x0000000100000000)
  region size 1024K, 56 young (57344K), 4 survivors (4096K)
 Metaspace       used 40962K, committed 41472K, reserved 1114112K
  class space    used 5267K, committed 5504K, reserved 1048576K
}
Event: 23.680 GC heap after
{Heap after GC invocations=34 (full 0):
 garbage-first heap   total 491520K, used 83191K [0x00000000c0000000, 0x0000000100000000)
  region size 1024K, 5 young (5120K), 5 survivors (5120K)
 Metaspace       used 40962K, committed 41472K, reserved 1114112K
  class space    used 5267K, committed 5504K, reserved 1048576K
}
Event: 25.828 GC heap before
{Heap before GC invocations=34 (full 0):
 garbage-first heap   total 491520K, used 371959K [0x00000000c0000000, 0x0000000100000000)
  region size 1024K, 288 young (294912K), 5 survivors (5120K)
 Metaspace       used 43210K, committed 43648K, reserved 1114112K
  class space    used 5560K, committed 5760K, reserved 1048576K
}
Event: 25.923 GC heap after
{Heap after GC invocations=35 (full 0):
 garbage-first heap   total 491520K, used 95894K [0x00000000c0000000, 0x0000000100000000)
  region size 1024K, 17 young (17408K), 17 survivors (17408K)
 Metaspace       used 43210K, committed 43648K, reserved 1114112K
  class space    used 5560K, committed 5760K, reserved 1048576K
}
Event: 29.581 GC heap before
{Heap before GC invocations=35 (full 0):
 garbage-first heap   total 491520K, used 372374K [0x00000000c0000000, 0x0000000100000000)
  region size 1024K, 288 young (294912K), 17 survivors (17408K)
 Metaspace       used 45289K, committed 45696K, reserved 1114112K
  class space    used 5872K, committed 6080K, reserved 1048576K
}
Event: 29.802 GC heap after
{Heap after GC invocations=36 (full 0):
 garbage-first heap   total 491520K, used 107597K [0x00000000c0000000, 0x0000000100000000)
  region size 1024K, 28 young (28672K), 28 survivors (28672K)
 Metaspace       used 45289K, committed 45696K, reserved 1114112K
  class space    used 5872K, committed 6080K, reserved 1048576K
}
Event: 30.792 GC heap before
{Heap before GC invocations=36 (full 0):
 garbage-first heap   total 491520K, used 372813K [0x00000000c0000000, 0x0000000100000000)
  region size 1024K, 288 young (294912K), 28 survivors (28672K)
 Metaspace       used 46039K, committed 46592K, reserved 1114112K
  class space    used 5954K, committed 6208K, reserved 1048576K
}
Event: 31.054 GC heap after
{Heap after GC invocations=37 (full 0):
 garbage-first heap   total 491520K, used 117841K [0x00000000c0000000, 0x0000000100000000)
  region size 1024K, 22 young (22528K), 22 survivors (22528K)
 Metaspace       used 46039K, committed 46592K, reserved 1114112K
  class space    used 5954K, committed 6208K, reserved 1048576K
}
Event: 31.340 GC heap before
{Heap before GC invocations=37 (full 0):
 garbage-first heap   total 491520K, used 318545K [0x00000000c0000000, 0x0000000100000000)
  region size 1024K, 219 young (224256K), 22 survivors (22528K)
 Metaspace       used 46050K, committed 46592K, reserved 1114112K
  class space    used 5955K, committed 6208K, reserved 1048576K
}
Event: 31.463 GC heap after
{Heap after GC invocations=38 (full 0):
 garbage-first heap   total 491520K, used 126975K [0x00000000c0000000, 0x0000000100000000)
  region size 1024K, 19 young (19456K), 19 survivors (19456K)
 Metaspace       used 46050K, committed 46592K, reserved 1114112K
  class space    used 5955K, committed 6208K, reserved 1048576K
}
Event: 32.121 GC heap before
{Heap before GC invocations=38 (full 0):
 garbage-first heap   total 491520K, used 400383K [0x00000000c0000000, 0x0000000100000000)
  region size 1024K, 287 young (293888K), 19 survivors (19456K)
 Metaspace       used 46050K, committed 46592K, reserved 1114112K
  class space    used 5955K, committed 6208K, reserved 1048576K
}
Event: 32.234 GC heap after
{Heap after GC invocations=39 (full 0):
 garbage-first heap   total 491520K, used 143871K [0x00000000c0000000, 0x0000000100000000)
  region size 1024K, 36 young (36864K), 36 survivors (36864K)
 Metaspace       used 46050K, committed 46592K, reserved 1114112K
  class space    used 5955K, committed 6208K, reserved 1048576K
}
Event: 33.879 GC heap before
{Heap before GC invocations=39 (full 0):
 garbage-first heap   total 491520K, used 379391K [0x00000000c0000000, 0x0000000100000000)
  region size 1024K, 267 young (273408K), 36 survivors (36864K)
 Metaspace       used 46798K, committed 47296K, reserved 1114112K
  class space    used 6050K, committed 6272K, reserved 1048576K
}

