# JRE version: OpenJDK Runtime Environment Temurin-17.0.7+7 (17.0.7+7) (build 17.0.7+7)
# Java VM: OpenJDK 64-Bit Server VM Temurin-17.0.7+7 (17.0.7+7, mixed mode, emulated-client, tiered, compressed oops, compressed class ptrs, g1 gc, windows-amd64)
GC Precious Log:
 CPUs: 4 total, 4 available
 Memory: 3659M
 Large Page Support: Disabled
 NUMA Support: Disabled
 Compressed Oops: Enabled (32-bit)
 Heap Region Size: 1M
 Heap Min Capacity: 8M
 Heap Initial Capacity: 58M
 Heap Max Capacity: 1G
 Pre-touch: Disabled
 Parallel Workers: 4
 Concurrent Workers: 1
 Concurrent Refinement Workers: 4
 Periodic GC: Disabled
Heap:
 garbage-first heap   total 280576K, used 83406K [0x00000000c0000000, 0x0000000100000000)
  region size 1024K, 1 young (1024K), 0 survivors (0K)
 Metaspace       used 70902K, committed 71744K, reserved 1114112K
  class space    used 9679K, committed 9984K, reserved 1048576K
GC Heap History (20 events):
Event: 415.804 GC heap before
{Heap before GC invocations=125 (full 19):
 garbage-first heap   total 283648K, used 83406K [0x00000000c0000000, 0x0000000100000000)
  region size 1024K, 1 young (1024K), 0 survivors (0K)
 Metaspace       used 70902K, committed 71744K, reserved 1114112K
  class space    used 9679K, committed 9984K, reserved 1048576K
}
Event: 415.908 GC heap after
{Heap after GC invocations=126 (full 20):
 garbage-first heap   total 283648K, used 83406K [0x00000000c0000000, 0x0000000100000000)
  region size 1024K, 0 young (0K), 0 survivors (0K)
 Metaspace       used 70902K, committed 71744K, reserved 1114112K
  class space    used 9679K, committed 9984K, reserved 1048576K
}
Event: 426.384 GC heap before
{Heap before GC invocations=126 (full 20):
 garbage-first heap   total 283648K, used 83406K [0x00000000c0000000, 0x0000000100000000)
  region size 1024K, 1 young (1024K), 0 survivors (0K)
 Metaspace       used 70902K, committed 71744K, reserved 1114112K
  class space    used 9679K, committed 9984K, reserved 1048576K
}
Event: 426.499 GC heap after
{Heap after GC invocations=127 (full 21):
 garbage-first heap   total 283648K, used 83406K [0x00000000c0000000, 0x0000000100000000)
  region size 1024K, 0 young (0K), 0 survivors (0K)
 Metaspace       used 70902K, committed 71744K, reserved 1114112K
  class space    used 9679K, committed 9984K, reserved 1048576K
}
Event: 438.313 GC heap before
{Heap before GC invocations=127 (full 21):
 garbage-first heap   total 283648K, used 83406K [0x00000000c0000000, 0x0000000100000000)
  region size 1024K, 1 young (1024K), 0 survivors (0K)
 Metaspace       used 70902K, committed 71744K, reserved 1114112K
  class space    used 9679K, committed 9984K, reserved 1048576K
}
Event: 438.446 GC heap after
{Heap after GC invocations=128 (full 22):
 garbage-first heap   total 283648K, used 83406K [0x00000000c0000000, 0x0000000100000000)
  region size 1024K, 0 young (0K), 0 survivors (0K)
 Metaspace       used 70902K, committed 71744K, reserved 1114112K
  class space    used 9679K, committed 9984K, reserved 1048576K
}
Event: 449.709 GC heap before
{Heap before GC invocations=128 (full 22):
 garbage-first heap   total 283648K, used 83406K [0x00000000c0000000, 0x0000000100000000)
  region size 1024K, 1 young (1024K), 0 survivors (0K)
 Metaspace       used 70902K, committed 71744K, reserved 1114112K
  class space    used 9679K, committed 9984K, reserved 1048576K
}
Event: 449.863 GC heap after
{Heap after GC invocations=129 (full 23):
 garbage-first heap   total 283648K, used 83406K [0x00000000c0000000, 0x0000000100000000)
  region size 1024K, 0 young (0K), 0 survivors (0K)
 Metaspace       used 70902K, committed 71744K, reserved 1114112K
  class space    used 9679K, committed 9984K, reserved 1048576K
}
Event: 460.200 GC heap before
{Heap before GC invocations=129 (full 23):
 garbage-first heap   total 283648K, used 83406K [0x00000000c0000000, 0x0000000100000000)
  region size 1024K, 1 young (1024K), 0 survivors (0K)
 Metaspace       used 70902K, committed 71744K, reserved 1114112K
  class space    used 9679K, committed 9984K, reserved 1048576K
}
Event: 460.330 GC heap after
{Heap after GC invocations=130 (full 24):
 garbage-first heap   total 280576K, used 83406K [0x00000000c0000000, 0x0000000100000000)
  region size 1024K, 0 young (0K), 0 survivors (0K)
 Metaspace       used 70902K, committed 71744K, reserved 1114112K
  class space    used 9679K, committed 9984K, reserved 1048576K
}
Event: 470.665 GC heap before
{Heap before GC invocations=130 (full 24):
 garbage-first heap   total 280576K, used 83406K [0x00000000c0000000, 0x0000000100000000)
  region size 1024K, 1 young (1024K), 0 survivors (0K)
 Metaspace       used 70902K, committed 71744K, reserved 1114112K
  class space    used 9679K, committed 9984K, reserved 1048576K
}
Event: 470.768 GC heap after
{Heap after GC invocations=131 (full 25):
 garbage-first heap   total 280576K, used 83406K [0x00000000c0000000, 0x0000000100000000)
  region size 1024K, 0 young (0K), 0 survivors (0K)
 Metaspace       used 70902K, committed 71744K, reserved 1114112K
  class space    used 9679K, committed 9984K, reserved 1048576K
}
Event: 481.082 GC heap before
{Heap before GC invocations=131 (full 25):
 garbage-first heap   total 280576K, used 83406K [0x00000000c0000000, 0x0000000100000000)
  region size 1024K, 1 young (1024K), 0 survivors (0K)
 Metaspace       used 70902K, committed 71744K, reserved 1114112K
  class space    used 9679K, committed 9984K, reserved 1048576K
}
Event: 481.187 GC heap after
{Heap after GC invocations=132 (full 26):
 garbage-first heap   total 280576K, used 83406K [0x00000000c0000000, 0x0000000100000000)
  region size 1024K, 0 young (0K), 0 survivors (0K)
 Metaspace       used 70902K, committed 71744K, reserved 1114112K
  class space    used 9679K, committed 9984K, reserved 1048576K
}
Event: 491.485 GC heap before
{Heap before GC invocations=132 (full 26):
 garbage-first heap   total 280576K, used 83406K [0x00000000c0000000, 0x0000000100000000)
  region size 1024K, 1 young (1024K), 0 survivors (0K)
 Metaspace       used 70902K, committed 71744K, reserved 1114112K
  class space    used 9679K, committed 9984K, reserved 1048576K
}
Event: 491.582 GC heap after
{Heap after GC invocations=133 (full 27):
 garbage-first heap   total 280576K, used 83406K [0x00000000c0000000, 0x0000000100000000)
  region size 1024K, 0 young (0K), 0 survivors (0K)
 Metaspace       used 70902K, committed 71744K, reserved 1114112K
  class space    used 9679K, committed 9984K, reserved 1048576K
}
Event: 501.837 GC heap before
{Heap before GC invocations=133 (full 27):
 garbage-first heap   total 280576K, used 83406K [0x00000000c0000000, 0x0000000100000000)
  region size 1024K, 1 young (1024K), 0 survivors (0K)
 Metaspace       used 70902K, committed 71744K, reserved 1114112K
  class space    used 9679K, committed 9984K, reserved 1048576K
}
Event: 501.980 GC heap after
{Heap after GC invocations=134 (full 28):
 garbage-first heap   total 280576K, used 83406K [0x00000000c0000000, 0x0000000100000000)
  region size 1024K, 0 young (0K), 0 survivors (0K)
 Metaspace       used 70902K, committed 71744K, reserved 1114112K
  class space    used 9679K, committed 9984K, reserved 1048576K
}
Event: 512.217 GC heap before
{Heap before GC invocations=134 (full 28):
 garbage-first heap   total 280576K, used 83406K [0x00000000c0000000, 0x0000000100000000)
  region size 1024K, 1 young (1024K), 0 survivors (0K)
 Metaspace       used 70902K, committed 71744K, reserved 1114112K
  class space    used 9679K, committed 9984K, reserved 1048576K
}
Event: 512.315 GC heap after
{Heap after GC invocations=135 (full 29):
 garbage-first heap   total 280576K, used 83406K [0x00000000c0000000, 0x0000000100000000)
  region size 1024K, 0 young (0K), 0 survivors (0K)
 Metaspace       used 70902K, committed 71744K, reserved 1114112K
  class space    used 9679K, committed 9984K, reserved 1048576K
}

