# JRE version: OpenJDK Runtime Environment Temurin-17.0.7+7 (17.0.7+7) (build 17.0.7+7)
# Java VM: OpenJDK 64-Bit Server VM Temurin-17.0.7+7 (17.0.7+7, mixed mode, emulated-client, tiered, compressed oops, compressed class ptrs, g1 gc, windows-amd64)
GC Precious Log:
 CPUs: 4 total, 4 available
 Memory: 3659M
 Large Page Support: Disabled
 NUMA Support: Disabled
 Compressed Oops: Enabled (32-bit)
 Heap Region Size: 1M
 Heap Min Capacity: 8M
 Heap Initial Capacity: 58M
 Heap Max Capacity: 1G
 Pre-touch: Disabled
 Parallel Workers: 4
 Concurrent Workers: 1
 Concurrent Refinement Workers: 4
 Periodic GC: Disabled
Heap:
 garbage-first heap   total 45056K, used 13988K [0x00000000c0000000, 0x0000000100000000)
  region size 1024K, 1 young (1024K), 0 survivors (0K)
 Metaspace       used 34487K, committed 35008K, reserved 1114112K
  class space    used 4468K, committed 4672K, reserved 1048576K
GC Heap History (20 events):
Event: 514.437 GC heap before
{Heap before GC invocations=51 (full 41):
 garbage-first heap   total 45056K, used 13988K [0x00000000c0000000, 0x0000000100000000)
  region size 1024K, 1 young (1024K), 0 survivors (0K)
 Metaspace       used 34487K, committed 35008K, reserved 1114112K
  class space    used 4468K, committed 4672K, reserved 1048576K
}
Event: 514.472 GC heap after
{Heap after GC invocations=52 (full 42):
 garbage-first heap   total 45056K, used 13988K [0x00000000c0000000, 0x0000000100000000)
  region size 1024K, 0 young (0K), 0 survivors (0K)
 Metaspace       used 34487K, committed 35008K, reserved 1114112K
  class space    used 4468K, committed 4672K, reserved 1048576K
}
Event: 524.752 GC heap before
{Heap before GC invocations=52 (full 42):
 garbage-first heap   total 45056K, used 13988K [0x00000000c0000000, 0x0000000100000000)
  region size 1024K, 1 young (1024K), 0 survivors (0K)
 Metaspace       used 34487K, committed 35008K, reserved 1114112K
  class space    used 4468K, committed 4672K, reserved 1048576K
}
Event: 524.783 GC heap after
{Heap after GC invocations=53 (full 43):
 garbage-first heap   total 45056K, used 13988K [0x00000000c0000000, 0x0000000100000000)
  region size 1024K, 0 young (0K), 0 survivors (0K)
 Metaspace       used 34487K, committed 35008K, reserved 1114112K
  class space    used 4468K, committed 4672K, reserved 1048576K
}
Event: 535.264 GC heap before
{Heap before GC invocations=53 (full 43):
 garbage-first heap   total 45056K, used 13988K [0x00000000c0000000, 0x0000000100000000)
  region size 1024K, 1 young (1024K), 0 survivors (0K)
 Metaspace       used 34487K, committed 35008K, reserved 1114112K
  class space    used 4468K, committed 4672K, reserved 1048576K
}
Event: 535.302 GC heap after
{Heap after GC invocations=54 (full 44):
 garbage-first heap   total 45056K, used 13988K [0x00000000c0000000, 0x0000000100000000)
  region size 1024K, 0 young (0K), 0 survivors (0K)
 Metaspace       used 34487K, committed 35008K, reserved 1114112K
  class space    used 4468K, committed 4672K, reserved 1048576K
}
Event: 545.593 GC heap before
{Heap before GC invocations=54 (full 44):
 garbage-first heap   total 45056K, used 13988K [0x00000000c0000000, 0x0000000100000000)
  region size 1024K, 1 young (1024K), 0 survivors (0K)
 Metaspace       used 34487K, committed 35008K, reserved 1114112K
  class space    used 4468K, committed 4672K, reserved 1048576K
}
Event: 545.624 GC heap after
{Heap after GC invocations=55 (full 45):
 garbage-first heap   total 45056K, used 13988K [0x00000000c0000000, 0x0000000100000000)
  region size 1024K, 0 young (0K), 0 survivors (0K)
 Metaspace       used 34487K, committed 35008K, reserved 1114112K
  class space    used 4468K, committed 4672K, reserved 1048576K
}
Event: 555.926 GC heap before
{Heap before GC invocations=55 (full 45):
 garbage-first heap   total 45056K, used 13988K [0x00000000c0000000, 0x0000000100000000)
  region size 1024K, 1 young (1024K), 0 survivors (0K)
 Metaspace       used 34487K, committed 35008K, reserved 1114112K
  class space    used 4468K, committed 4672K, reserved 1048576K
}
Event: 555.965 GC heap after
{Heap after GC invocations=56 (full 46):
 garbage-first heap   total 45056K, used 13988K [0x00000000c0000000, 0x0000000100000000)
  region size 1024K, 0 young (0K), 0 survivors (0K)
 Metaspace       used 34487K, committed 35008K, reserved 1114112K
  class space    used 4468K, committed 4672K, reserved 1048576K
}
Event: 566.477 GC heap before
{Heap before GC invocations=56 (full 46):
 garbage-first heap   total 45056K, used 13988K [0x00000000c0000000, 0x0000000100000000)
  region size 1024K, 1 young (1024K), 0 survivors (0K)
 Metaspace       used 34487K, committed 35008K, reserved 1114112K
  class space    used 4468K, committed 4672K, reserved 1048576K
}
Event: 566.511 GC heap after
{Heap after GC invocations=57 (full 47):
 garbage-first heap   total 45056K, used 13988K [0x00000000c0000000, 0x0000000100000000)
  region size 1024K, 0 young (0K), 0 survivors (0K)
 Metaspace       used 34487K, committed 35008K, reserved 1114112K
  class space    used 4468K, committed 4672K, reserved 1048576K
}
Event: 576.843 GC heap before
{Heap before GC invocations=57 (full 47):
 garbage-first heap   total 45056K, used 13988K [0x00000000c0000000, 0x0000000100000000)
  region size 1024K, 1 young (1024K), 0 survivors (0K)
 Metaspace       used 34487K, committed 35008K, reserved 1114112K
  class space    used 4468K, committed 4672K, reserved 1048576K
}
Event: 576.873 GC heap after
{Heap after GC invocations=58 (full 48):
 garbage-first heap   total 45056K, used 13988K [0x00000000c0000000, 0x0000000100000000)
  region size 1024K, 0 young (0K), 0 survivors (0K)
 Metaspace       used 34487K, committed 35008K, reserved 1114112K
  class space    used 4468K, committed 4672K, reserved 1048576K
}
Event: 587.303 GC heap before
{Heap before GC invocations=58 (full 48):
 garbage-first heap   total 45056K, used 13988K [0x00000000c0000000, 0x0000000100000000)
  region size 1024K, 1 young (1024K), 0 survivors (0K)
 Metaspace       used 34487K, committed 35008K, reserved 1114112K
  class space    used 4468K, committed 4672K, reserved 1048576K
}
Event: 587.342 GC heap after
{Heap after GC invocations=59 (full 49):
 garbage-first heap   total 45056K, used 13988K [0x00000000c0000000, 0x0000000100000000)
  region size 1024K, 0 young (0K), 0 survivors (0K)
 Metaspace       used 34487K, committed 35008K, reserved 1114112K
  class space    used 4468K, committed 4672K, reserved 1048576K
}
Event: 597.793 GC heap before
{Heap before GC invocations=59 (full 49):
 garbage-first heap   total 45056K, used 13988K [0x00000000c0000000, 0x0000000100000000)
  region size 1024K, 1 young (1024K), 0 survivors (0K)
 Metaspace       used 34487K, committed 35008K, reserved 1114112K
  class space    used 4468K, committed 4672K, reserved 1048576K
}
Event: 597.822 GC heap after
{Heap after GC invocations=60 (full 50):
 garbage-first heap   total 45056K, used 13988K [0x00000000c0000000, 0x0000000100000000)
  region size 1024K, 0 young (0K), 0 survivors (0K)
 Metaspace       used 34487K, committed 35008K, reserved 1114112K
  class space    used 4468K, committed 4672K, reserved 1048576K
}
Event: 610.713 GC heap before
{Heap before GC invocations=60 (full 50):
 garbage-first heap   total 45056K, used 13988K [0x00000000c0000000, 0x0000000100000000)
  region size 1024K, 1 young (1024K), 0 survivors (0K)
 Metaspace       used 34487K, committed 35008K, reserved 1114112K
  class space    used 4468K, committed 4672K, reserved 1048576K
}
Event: 610.753 GC heap after
{Heap after GC invocations=61 (full 51):
 garbage-first heap   total 45056K, used 13988K [0x00000000c0000000, 0x0000000100000000)
  region size 1024K, 0 young (0K), 0 survivors (0K)
 Metaspace       used 34487K, committed 35008K, reserved 1114112K
  class space    used 4468K, committed 4672K, reserved 1048576K
}

