# JRE version: OpenJDK Runtime Environment Temurin-17.0.7+7 (17.0.7+7) (build 17.0.7+7)
# Java VM: OpenJDK 64-Bit Server VM Temurin-17.0.7+7 (17.0.7+7, mixed mode, emulated-client, tiered, compressed oops, compressed class ptrs, g1 gc, windows-amd64)
GC Precious Log:
 CPUs: 4 total, 4 available
 Memory: 3659M
 Large Page Support: Disabled
 NUMA Support: Disabled
 Compressed Oops: Enabled (32-bit)
 Heap Region Size: 1M
 Heap Min Capacity: 8M
 Heap Initial Capacity: 58M
 Heap Max Capacity: 1G
 Pre-touch: Disabled
 Parallel Workers: 4
 Concurrent Workers: 1
 Concurrent Refinement Workers: 4
 Periodic GC: Disabled
Heap:
 garbage-first heap   total 286720K, used 102533K [0x00000000c0000000, 0x0000000100000000)
  region size 1024K, 1 young (1024K), 0 survivors (0K)
 Metaspace       used 71511K, committed 71936K, reserved 1114112K
  class space    used 9794K, committed 9984K, reserved 1048576K
GC Heap History (20 events):
Event: 2314.891 GC heap before
{Heap before GC invocations=301 (full 175):
 garbage-first heap   total 286720K, used 100305K [0x00000000c0000000, 0x0000000100000000)
  region size 1024K, 1 young (1024K), 0 survivors (0K)
 Metaspace       used 71419K, committed 71872K, reserved 1114112K
  class space    used 9775K, committed 9984K, reserved 1048576K
}
Event: 2315.011 GC heap after
{Heap after GC invocations=302 (full 176):
 garbage-first heap   total 286720K, used 100305K [0x00000000c0000000, 0x0000000100000000)
  region size 1024K, 0 young (0K), 0 survivors (0K)
 Metaspace       used 71419K, committed 71872K, reserved 1114112K
  class space    used 9775K, committed 9984K, reserved 1048576K
}
Event: 2325.229 GC heap before
{Heap before GC invocations=302 (full 176):
 garbage-first heap   total 286720K, used 100305K [0x00000000c0000000, 0x0000000100000000)
  region size 1024K, 1 young (1024K), 0 survivors (0K)
 Metaspace       used 71419K, committed 71872K, reserved 1114112K
  class space    used 9775K, committed 9984K, reserved 1048576K
}
Event: 2325.355 GC heap after
{Heap after GC invocations=303 (full 177):
 garbage-first heap   total 286720K, used 100305K [0x00000000c0000000, 0x0000000100000000)
  region size 1024K, 0 young (0K), 0 survivors (0K)
 Metaspace       used 71419K, committed 71872K, reserved 1114112K
  class space    used 9775K, committed 9984K, reserved 1048576K
}
Event: 2336.736 GC heap before
{Heap before GC invocations=303 (full 177):
 garbage-first heap   total 286720K, used 106449K [0x00000000c0000000, 0x0000000100000000)
  region size 1024K, 7 young (7168K), 0 survivors (0K)
 Metaspace       used 71419K, committed 71872K, reserved 1114112K
  class space    used 9775K, committed 9984K, reserved 1048576K
}
Event: 2336.739 GC heap after
{Heap after GC invocations=304 (full 177):
 garbage-first heap   total 286720K, used 101978K [0x00000000c0000000, 0x0000000100000000)
  region size 1024K, 2 young (2048K), 2 survivors (2048K)
 Metaspace       used 71419K, committed 71872K, reserved 1114112K
  class space    used 9775K, committed 9984K, reserved 1048576K
}
Event: 2372.788 GC heap before
{Heap before GC invocations=305 (full 177):
 garbage-first heap   total 286720K, used 143962K [0x00000000c0000000, 0x0000000100000000)
  region size 1024K, 43 young (44032K), 2 survivors (2048K)
 Metaspace       used 71441K, committed 71936K, reserved 1114112K
  class space    used 9777K, committed 9984K, reserved 1048576K
}
Event: 2372.795 GC heap after
{Heap after GC invocations=306 (full 177):
 garbage-first heap   total 286720K, used 102136K [0x00000000c0000000, 0x0000000100000000)
  region size 1024K, 2 young (2048K), 2 survivors (2048K)
 Metaspace       used 71441K, committed 71936K, reserved 1114112K
  class space    used 9777K, committed 9984K, reserved 1048576K
}
Event: 2374.936 GC heap before
{Heap before GC invocations=307 (full 177):
 garbage-first heap   total 286720K, used 117496K [0x00000000c0000000, 0x0000000100000000)
  region size 1024K, 17 young (17408K), 2 survivors (2048K)
 Metaspace       used 71495K, committed 71936K, reserved 1114112K
  class space    used 9791K, committed 9984K, reserved 1048576K
}
Event: 2374.942 GC heap after
{Heap after GC invocations=308 (full 177):
 garbage-first heap   total 286720K, used 102436K [0x00000000c0000000, 0x0000000100000000)
  region size 1024K, 3 young (3072K), 3 survivors (3072K)
 Metaspace       used 71495K, committed 71936K, reserved 1114112K
  class space    used 9791K, committed 9984K, reserved 1048576K
}
Event: 2377.112 GC heap before
{Heap before GC invocations=309 (full 177):
 garbage-first heap   total 286720K, used 146468K [0x00000000c0000000, 0x0000000100000000)
  region size 1024K, 47 young (48128K), 3 survivors (3072K)
 Metaspace       used 71495K, committed 71936K, reserved 1114112K
  class space    used 9791K, committed 9984K, reserved 1048576K
}
Event: 2377.133 GC heap after
{Heap after GC invocations=310 (full 177):
 garbage-first heap   total 286720K, used 104780K [0x00000000c0000000, 0x0000000100000000)
  region size 1024K, 5 young (5120K), 5 survivors (5120K)
 Metaspace       used 71495K, committed 71936K, reserved 1114112K
  class space    used 9791K, committed 9984K, reserved 1048576K
}
Event: 2378.975 GC heap before
{Heap before GC invocations=311 (full 177):
 garbage-first heap   total 286720K, used 131404K [0x00000000c0000000, 0x0000000100000000)
  region size 1024K, 31 young (31744K), 5 survivors (5120K)
 Metaspace       used 71495K, committed 71936K, reserved 1114112K
  class space    used 9791K, committed 9984K, reserved 1048576K
}
Event: 2378.983 GC heap after
{Heap after GC invocations=312 (full 177):
 garbage-first heap   total 286720K, used 104758K [0x00000000c0000000, 0x0000000100000000)
  region size 1024K, 5 young (5120K), 5 survivors (5120K)
 Metaspace       used 71495K, committed 71936K, reserved 1114112K
  class space    used 9791K, committed 9984K, reserved 1048576K
}
Event: 2426.177 GC heap before
{Heap before GC invocations=313 (full 177):
 garbage-first heap   total 286720K, used 151862K [0x00000000c0000000, 0x0000000100000000)
  region size 1024K, 51 young (52224K), 5 survivors (5120K)
 Metaspace       used 71511K, committed 71936K, reserved 1114112K
  class space    used 9794K, committed 9984K, reserved 1048576K
}
Event: 2426.393 GC heap after
{Heap after GC invocations=314 (full 178):
 garbage-first heap   total 286720K, used 103735K [0x00000000c0000000, 0x0000000100000000)
  region size 1024K, 0 young (0K), 0 survivors (0K)
 Metaspace       used 71511K, committed 71936K, reserved 1114112K
  class space    used 9794K, committed 9984K, reserved 1048576K
}
Event: 2436.636 GC heap before
{Heap before GC invocations=314 (full 178):
 garbage-first heap   total 286720K, used 103735K [0x00000000c0000000, 0x0000000100000000)
  region size 1024K, 1 young (1024K), 0 survivors (0K)
 Metaspace       used 71511K, committed 71936K, reserved 1114112K
  class space    used 9794K, committed 9984K, reserved 1048576K
}
Event: 2436.791 GC heap after
{Heap after GC invocations=315 (full 179):
 garbage-first heap   total 286720K, used 102533K [0x00000000c0000000, 0x0000000100000000)
  region size 1024K, 0 young (0K), 0 survivors (0K)
 Metaspace       used 71511K, committed 71936K, reserved 1114112K
  class space    used 9794K, committed 9984K, reserved 1048576K
}
Event: 2447.062 GC heap before
{Heap before GC invocations=315 (full 179):
 garbage-first heap   total 286720K, used 102533K [0x00000000c0000000, 0x0000000100000000)
  region size 1024K, 1 young (1024K), 0 survivors (0K)
 Metaspace       used 71511K, committed 71936K, reserved 1114112K
  class space    used 9794K, committed 9984K, reserved 1048576K
}
Event: 2447.194 GC heap after
{Heap after GC invocations=316 (full 180):
 garbage-first heap   total 286720K, used 102533K [0x00000000c0000000, 0x0000000100000000)
  region size 1024K, 0 young (0K), 0 survivors (0K)
 Metaspace       used 71511K, committed 71936K, reserved 1114112K
  class space    used 9794K, committed 9984K, reserved 1048576K
}

