# JRE version: Java(TM) SE Runtime Environment (19.0+36) (build 19+36-2238)
# Java VM: Java HotSpot(TM) 64-Bit Server VM (19+36-2238, mixed mode, emulated-client, sharing, tiered, compressed oops, compressed class ptrs, g1 gc, windows-amd64)
GC Precious Log:
 CardTable entry size: 512
 Card Set container configuration: InlinePtr #cards 5 size 8 Array Of Cards #cards 12 size 40 Howl #buckets 4 coarsen threshold 1843 Howl Bitmap #cards 512 size 80 coarsen threshold 460 Card regions per heap region 1 cards per card region 2048
 CPUs: 4 total, 4 available
 Memory: 3659M
 Large Page Support: Disabled
 NUMA Support: Disabled
 Compressed Oops: Enabled (32-bit)
 Heap Region Size: 1M
 Heap Min Capacity: 8M
 Heap Initial Capacity: 58M
 Heap Max Capacity: 916M
 Pre-touch: Disabled
 Parallel Workers: 4
 Concurrent Workers: 1
 Concurrent Refinement Workers: 4
 Periodic GC: Disabled
Heap:
 garbage-first heap   total 97280K, used 56472K [0x00000000c6c00000, 0x0000000100000000)
  region size 1024K, 3 young (3072K), 3 survivors (3072K)
 Metaspace       used 64336K, committed 64960K, reserved 1114112K
  class space    used 8902K, committed 9216K, reserved 1048576K
GC Heap History (20 events):
Event: 51.649 GC heap after
{Heap after GC invocations=21 (full 0):
 garbage-first heap   total 55296K, used 28642K [0x00000000c6c00000, 0x0000000100000000)
  region size 1024K, 1 young (1024K), 1 survivors (1024K)
 Metaspace       used 60390K, committed 60928K, reserved 1114112K
  class space    used 8387K, committed 8640K, reserved 1048576K
}
Event: 52.364 GC heap before
{Heap before GC invocations=21 (full 0):
 garbage-first heap   total 55296K, used 42978K [0x00000000c6c00000, 0x0000000100000000)
  region size 1024K, 16 young (16384K), 1 survivors (1024K)
 Metaspace       used 62138K, committed 62784K, reserved 1114112K
  class space    used 8621K, committed 8896K, reserved 1048576K
}
Event: 52.368 GC heap after
{Heap after GC invocations=22 (full 0):
 garbage-first heap   total 55296K, used 29886K [0x00000000c6c00000, 0x0000000100000000)
  region size 1024K, 2 young (2048K), 2 survivors (2048K)
 Metaspace       used 62138K, committed 62784K, reserved 1114112K
  class space    used 8621K, committed 8896K, reserved 1048576K
}
Event: 53.223 GC heap before
{Heap before GC invocations=23 (full 0):
 garbage-first heap   total 56320K, used 44222K [0x00000000c6c00000, 0x0000000100000000)
  region size 1024K, 16 young (16384K), 2 survivors (2048K)
 Metaspace       used 64079K, committed 64768K, reserved 1114112K
  class space    used 8874K, committed 9216K, reserved 1048576K
}
Event: 53.229 GC heap after
{Heap after GC invocations=24 (full 0):
 garbage-first heap   total 56320K, used 31293K [0x00000000c6c00000, 0x0000000100000000)
  region size 1024K, 2 young (2048K), 2 survivors (2048K)
 Metaspace       used 64079K, committed 64768K, reserved 1114112K
  class space    used 8874K, committed 9216K, reserved 1048576K
}
Event: 53.613 GC heap before
{Heap before GC invocations=24 (full 0):
 garbage-first heap   total 56320K, used 31293K [0x00000000c6c00000, 0x0000000100000000)
  region size 1024K, 3 young (3072K), 2 survivors (2048K)
 Metaspace       used 64208K, committed 64896K, reserved 1114112K
  class space    used 8884K, committed 9216K, reserved 1048576K
}
Event: 53.621 GC heap after
{Heap after GC invocations=25 (full 0):
 garbage-first heap   total 56320K, used 31453K [0x00000000c6c00000, 0x0000000100000000)
  region size 1024K, 1 young (1024K), 1 survivors (1024K)
 Metaspace       used 64208K, committed 64896K, reserved 1114112K
  class space    used 8884K, committed 9216K, reserved 1048576K
}
Event: 53.725 GC heap before
{Heap before GC invocations=25 (full 0):
 garbage-first heap   total 56320K, used 44765K [0x00000000c6c00000, 0x0000000100000000)
  region size 1024K, 14 young (14336K), 1 survivors (1024K)
 Metaspace       used 64235K, committed 64896K, reserved 1114112K
  class space    used 8888K, committed 9216K, reserved 1048576K
}
Event: 53.729 GC heap after
{Heap after GC invocations=26 (full 0):
 garbage-first heap   total 56320K, used 34346K [0x00000000c6c00000, 0x0000000100000000)
  region size 1024K, 2 young (2048K), 2 survivors (2048K)
 Metaspace       used 64235K, committed 64896K, reserved 1114112K
  class space    used 8888K, committed 9216K, reserved 1048576K
}
Event: 53.851 GC heap before
{Heap before GC invocations=26 (full 0):
 garbage-first heap   total 56320K, used 43562K [0x00000000c6c00000, 0x0000000100000000)
  region size 1024K, 12 young (12288K), 2 survivors (2048K)
 Metaspace       used 64235K, committed 64896K, reserved 1114112K
  class space    used 8888K, committed 9216K, reserved 1048576K
}
Event: 53.856 GC heap after
{Heap after GC invocations=27 (full 0):
 garbage-first heap   total 87040K, used 37657K [0x00000000c6c00000, 0x0000000100000000)
  region size 1024K, 2 young (2048K), 2 survivors (2048K)
 Metaspace       used 64235K, committed 64896K, reserved 1114112K
  class space    used 8888K, committed 9216K, reserved 1048576K
}
Event: 54.177 GC heap before
{Heap before GC invocations=27 (full 0):
 garbage-first heap   total 87040K, used 64281K [0x00000000c6c00000, 0x0000000100000000)
  region size 1024K, 28 young (28672K), 2 survivors (2048K)
 Metaspace       used 64332K, committed 64960K, reserved 1114112K
  class space    used 8901K, committed 9216K, reserved 1048576K
}
Event: 54.193 GC heap after
{Heap after GC invocations=28 (full 0):
 garbage-first heap   total 87040K, used 45660K [0x00000000c6c00000, 0x0000000100000000)
  region size 1024K, 4 young (4096K), 4 survivors (4096K)
 Metaspace       used 64332K, committed 64960K, reserved 1114112K
  class space    used 8901K, committed 9216K, reserved 1048576K
}
Event: 54.463 GC heap before
{Heap before GC invocations=28 (full 0):
 garbage-first heap   total 87040K, used 47708K [0x00000000c6c00000, 0x0000000100000000)
  region size 1024K, 7 young (7168K), 4 survivors (4096K)
 Metaspace       used 64336K, committed 64960K, reserved 1114112K
  class space    used 8902K, committed 9216K, reserved 1048576K
}
Event: 54.472 GC heap after
{Heap after GC invocations=29 (full 0):
 garbage-first heap   total 87040K, used 46694K [0x00000000c6c00000, 0x0000000100000000)
  region size 1024K, 1 young (1024K), 1 survivors (1024K)
 Metaspace       used 64336K, committed 64960K, reserved 1114112K
  class space    used 8902K, committed 9216K, reserved 1048576K
}
Event: 54.855 GC heap before
{Heap before GC invocations=30 (full 0):
 garbage-first heap   total 97280K, used 66150K [0x00000000c6c00000, 0x0000000100000000)
  region size 1024K, 20 young (20480K), 1 survivors (1024K)
 Metaspace       used 64336K, committed 64960K, reserved 1114112K
  class space    used 8902K, committed 9216K, reserved 1048576K
}
Event: 54.866 GC heap after
{Heap after GC invocations=31 (full 0):
 garbage-first heap   total 97280K, used 50815K [0x00000000c6c00000, 0x0000000100000000)
  region size 1024K, 3 young (3072K), 3 survivors (3072K)
 Metaspace       used 64336K, committed 64960K, reserved 1114112K
  class space    used 8902K, committed 9216K, reserved 1048576K
}
Event: 54.872 GC heap before
{Heap before GC invocations=31 (full 0):
 garbage-first heap   total 97280K, used 51839K [0x00000000c6c00000, 0x0000000100000000)
  region size 1024K, 4 young (4096K), 3 survivors (3072K)
 Metaspace       used 64336K, committed 64960K, reserved 1114112K
  class space    used 8902K, committed 9216K, reserved 1048576K
}
Event: 54.881 GC heap after
{Heap after GC invocations=32 (full 0):
 garbage-first heap   total 97280K, used 50630K [0x00000000c6c00000, 0x0000000100000000)
  region size 1024K, 1 young (1024K), 1 survivors (1024K)
 Metaspace       used 64336K, committed 64960K, reserved 1114112K
  class space    used 8902K, committed 9216K, reserved 1048576K
}
Event: 55.198 GC heap before
{Heap before GC invocations=32 (full 0):
 garbage-first heap   total 97280K, used 73158K [0x00000000c6c00000, 0x0000000100000000)
  region size 1024K, 23 young (23552K), 1 survivors (1024K)
 Metaspace       used 64336K, committed 64960K, reserved 1114112K
  class space    used 8902K, committed 9216K, reserved 1048576K
}

