# JRE version: OpenJDK Runtime Environment Temurin-17.0.7+7 (17.0.7+7) (build 17.0.7+7)
# Java VM: OpenJDK 64-Bit Server VM Temurin-17.0.7+7 (17.0.7+7, mixed mode, emulated-client, tiered, compressed oops, compressed class ptrs, g1 gc, windows-amd64)
GC Precious Log:
 CPUs: 4 total, 4 available
 Memory: 3659M
 Large Page Support: Disabled
 NUMA Support: Disabled
 Compressed Oops: Enabled (32-bit)
 Heap Region Size: 1M
 Heap Min Capacity: 8M
 Heap Initial Capacity: 58M
 Heap Max Capacity: 1G
 Pre-touch: Disabled
 Parallel Workers: 4
 Concurrent Workers: 1
 Concurrent Refinement Workers: 4
 Periodic GC: Disabled
Heap:
 garbage-first heap   total 268288K, used 219065K [0x00000000c0000000, 0x0000000100000000)
  region size 1024K, 122 young (124928K), 10 survivors (10240K)
 Metaspace       used 52584K, committed 53056K, reserved 1114112K
  class space    used 6638K, committed 6848K, reserved 1048576K
GC Heap History (20 events):
Event: 20.675 GC heap before
{Heap before GC invocations=32 (full 0):
 garbage-first heap   total 132096K, used 99034K [0x00000000c0000000, 0x0000000100000000)
  region size 1024K, 27 young (27648K), 4 survivors (4096K)
 Metaspace       used 47126K, committed 47616K, reserved 1114112K
  class space    used 6019K, committed 6272K, reserved 1048576K
}
Event: 20.689 GC heap after
{Heap after GC invocations=33 (full 0):
 garbage-first heap   total 132096K, used 78224K [0x00000000c0000000, 0x0000000100000000)
  region size 1024K, 2 young (2048K), 2 survivors (2048K)
 Metaspace       used 47126K, committed 47616K, reserved 1114112K
  class space    used 6019K, committed 6272K, reserved 1048576K
}
Event: 20.717 GC heap before
{Heap before GC invocations=33 (full 0):
 garbage-first heap   total 132096K, used 81296K [0x00000000c0000000, 0x0000000100000000)
  region size 1024K, 6 young (6144K), 2 survivors (2048K)
 Metaspace       used 47244K, committed 47744K, reserved 1114112K
  class space    used 6029K, committed 6272K, reserved 1048576K
}
Event: 20.719 GC heap after
{Heap after GC invocations=34 (full 0):
 garbage-first heap   total 132096K, used 77551K [0x00000000c0000000, 0x0000000100000000)
  region size 1024K, 1 young (1024K), 1 survivors (1024K)
 Metaspace       used 47244K, committed 47744K, reserved 1114112K
  class space    used 6029K, committed 6272K, reserved 1048576K
}
Event: 20.762 GC heap before
{Heap before GC invocations=34 (full 0):
 garbage-first heap   total 132096K, used 101103K [0x00000000c0000000, 0x0000000100000000)
  region size 1024K, 25 young (25600K), 1 survivors (1024K)
 Metaspace       used 47427K, committed 47872K, reserved 1114112K
  class space    used 6046K, committed 6272K, reserved 1048576K
}
Event: 20.766 GC heap after
{Heap after GC invocations=35 (full 0):
 garbage-first heap   total 268288K, used 78647K [0x00000000c0000000, 0x0000000100000000)
  region size 1024K, 2 young (2048K), 2 survivors (2048K)
 Metaspace       used 47427K, committed 47872K, reserved 1114112K
  class space    used 6046K, committed 6272K, reserved 1048576K
}
Event: 21.772 GC heap before
{Heap before GC invocations=36 (full 0):
 garbage-first heap   total 268288K, used 183095K [0x00000000c0000000, 0x0000000100000000)
  region size 1024K, 106 young (108544K), 2 survivors (2048K)
 Metaspace       used 48498K, committed 48960K, reserved 1114112K
  class space    used 6171K, committed 6400K, reserved 1048576K
}
Event: 21.784 GC heap after
{Heap after GC invocations=37 (full 0):
 garbage-first heap   total 268288K, used 81776K [0x00000000c0000000, 0x0000000100000000)
  region size 1024K, 6 young (6144K), 6 survivors (6144K)
 Metaspace       used 48498K, committed 48960K, reserved 1114112K
  class space    used 6171K, committed 6400K, reserved 1048576K
}
Event: 21.800 GC heap before
{Heap before GC invocations=37 (full 0):
 garbage-first heap   total 268288K, used 87920K [0x00000000c0000000, 0x0000000100000000)
  region size 1024K, 13 young (13312K), 6 survivors (6144K)
 Metaspace       used 48498K, committed 48960K, reserved 1114112K
  class space    used 6171K, committed 6400K, reserved 1048576K
}
Event: 21.814 GC heap after
{Heap after GC invocations=38 (full 0):
 garbage-first heap   total 268288K, used 81194K [0x00000000c0000000, 0x0000000100000000)
  region size 1024K, 1 young (1024K), 1 survivors (1024K)
 Metaspace       used 48498K, committed 48960K, reserved 1114112K
  class space    used 6171K, committed 6400K, reserved 1048576K
}
Event: 22.796 GC heap before
{Heap before GC invocations=38 (full 0):
 garbage-first heap   total 268288K, used 206122K [0x00000000c0000000, 0x0000000100000000)
  region size 1024K, 124 young (126976K), 1 survivors (1024K)
 Metaspace       used 49489K, committed 49984K, reserved 1114112K
  class space    used 6311K, committed 6528K, reserved 1048576K
}
Event: 22.807 GC heap after
{Heap after GC invocations=39 (full 0):
 garbage-first heap   total 268288K, used 86987K [0x00000000c0000000, 0x0000000100000000)
  region size 1024K, 7 young (7168K), 7 survivors (7168K)
 Metaspace       used 49489K, committed 49984K, reserved 1114112K
  class space    used 6311K, committed 6528K, reserved 1048576K
}
Event: 23.730 GC heap before
{Heap before GC invocations=39 (full 0):
 garbage-first heap   total 268288K, used 208843K [0x00000000c0000000, 0x0000000100000000)
  region size 1024K, 127 young (130048K), 7 survivors (7168K)
 Metaspace       used 50444K, committed 50944K, reserved 1114112K
  class space    used 6396K, committed 6592K, reserved 1048576K
}
Event: 23.740 GC heap after
{Heap after GC invocations=40 (full 0):
 garbage-first heap   total 268288K, used 91465K [0x00000000c0000000, 0x0000000100000000)
  region size 1024K, 11 young (11264K), 11 survivors (11264K)
 Metaspace       used 50444K, committed 50944K, reserved 1114112K
  class space    used 6396K, committed 6592K, reserved 1048576K
}
Event: 24.360 GC heap before
{Heap before GC invocations=40 (full 0):
 garbage-first heap   total 268288K, used 214345K [0x00000000c0000000, 0x0000000100000000)
  region size 1024K, 131 young (134144K), 11 survivors (11264K)
 Metaspace       used 51082K, committed 51520K, reserved 1114112K
  class space    used 6465K, committed 6656K, reserved 1048576K
}
Event: 24.386 GC heap after
{Heap after GC invocations=41 (full 0):
 garbage-first heap   total 268288K, used 96241K [0x00000000c0000000, 0x0000000100000000)
  region size 1024K, 10 young (10240K), 10 survivors (10240K)
 Metaspace       used 51082K, committed 51520K, reserved 1114112K
  class space    used 6465K, committed 6656K, reserved 1048576K
}
Event: 24.942 GC heap before
{Heap before GC invocations=41 (full 0):
 garbage-first heap   total 268288K, used 218097K [0x00000000c0000000, 0x0000000100000000)
  region size 1024K, 130 young (133120K), 10 survivors (10240K)
 Metaspace       used 51723K, committed 52224K, reserved 1114112K
  class space    used 6542K, committed 6784K, reserved 1048576K
}
Event: 24.957 GC heap after
{Heap after GC invocations=42 (full 0):
 garbage-first heap   total 268288K, used 101747K [0x00000000c0000000, 0x0000000100000000)
  region size 1024K, 10 young (10240K), 10 survivors (10240K)
 Metaspace       used 51723K, committed 52224K, reserved 1114112K
  class space    used 6542K, committed 6784K, reserved 1048576K
}
Event: 25.472 GC heap before
{Heap before GC invocations=42 (full 0):
 garbage-first heap   total 268288K, used 220531K [0x00000000c0000000, 0x0000000100000000)
  region size 1024K, 127 young (130048K), 10 survivors (10240K)
 Metaspace       used 51904K, committed 52352K, reserved 1114112K
  class space    used 6566K, committed 6784K, reserved 1048576K
}
Event: 25.486 GC heap after
{Heap after GC invocations=43 (full 0):
 garbage-first heap   total 268288K, used 106425K [0x00000000c0000000, 0x0000000100000000)
  region size 1024K, 10 young (10240K), 10 survivors (10240K)
 Metaspace       used 51904K, committed 52352K, reserved 1114112K
  class space    used 6566K, committed 6784K, reserved 1048576K
}

