# JRE version: OpenJDK Runtime Environment Temurin-17.0.7+7 (17.0.7+7) (build 17.0.7+7)
# Java VM: OpenJDK 64-Bit Server VM Temurin-17.0.7+7 (17.0.7+7, mixed mode, emulated-client, tiered, compressed oops, compressed class ptrs, g1 gc, windows-amd64)
GC Precious Log:
 CPUs: 4 total, 4 available
 Memory: 3659M
 Large Page Support: Disabled
 NUMA Support: Disabled
 Compressed Oops: Enabled (32-bit)
 Heap Region Size: 1M
 Heap Min Capacity: 8M
 Heap Initial Capacity: 58M
 Heap Max Capacity: 1G
 Pre-touch: Disabled
 Parallel Workers: 4
 Concurrent Workers: 1
 Concurrent Refinement Workers: 4
 Periodic GC: Disabled
Heap:
 garbage-first heap   total 324608K, used 98106K [0x00000000c0000000, 0x0000000100000000)
  region size 1024K, 1 young (1024K), 0 survivors (0K)
 Metaspace       used 71054K, committed 71488K, reserved 1114112K
  class space    used 9715K, committed 9920K, reserved 1048576K
GC Heap History (20 events):
Event: 2931.361 GC heap before
{Heap before GC invocations=390 (full 226):
 garbage-first heap   total 324608K, used 98106K [0x00000000c0000000, 0x0000000100000000)
  region size 1024K, 1 young (1024K), 0 survivors (0K)
 Metaspace       used 71054K, committed 71488K, reserved 1114112K
  class space    used 9715K, committed 9920K, reserved 1048576K
}
Event: 2931.483 GC heap after
{Heap after GC invocations=391 (full 227):
 garbage-first heap   total 324608K, used 98106K [0x00000000c0000000, 0x0000000100000000)
  region size 1024K, 0 young (0K), 0 survivors (0K)
 Metaspace       used 71054K, committed 71488K, reserved 1114112K
  class space    used 9715K, committed 9920K, reserved 1048576K
}
Event: 2941.962 GC heap before
{Heap before GC invocations=391 (full 227):
 garbage-first heap   total 324608K, used 98106K [0x00000000c0000000, 0x0000000100000000)
  region size 1024K, 1 young (1024K), 0 survivors (0K)
 Metaspace       used 71054K, committed 71488K, reserved 1114112K
  class space    used 9715K, committed 9920K, reserved 1048576K
}
Event: 2942.102 GC heap after
{Heap after GC invocations=392 (full 228):
 garbage-first heap   total 324608K, used 98106K [0x00000000c0000000, 0x0000000100000000)
  region size 1024K, 0 young (0K), 0 survivors (0K)
 Metaspace       used 71054K, committed 71488K, reserved 1114112K
  class space    used 9715K, committed 9920K, reserved 1048576K
}
Event: 2952.505 GC heap before
{Heap before GC invocations=392 (full 228):
 garbage-first heap   total 324608K, used 98106K [0x00000000c0000000, 0x0000000100000000)
  region size 1024K, 1 young (1024K), 0 survivors (0K)
 Metaspace       used 71054K, committed 71488K, reserved 1114112K
  class space    used 9715K, committed 9920K, reserved 1048576K
}
Event: 2952.622 GC heap after
{Heap after GC invocations=393 (full 229):
 garbage-first heap   total 324608K, used 98106K [0x00000000c0000000, 0x0000000100000000)
  region size 1024K, 0 young (0K), 0 survivors (0K)
 Metaspace       used 71054K, committed 71488K, reserved 1114112K
  class space    used 9715K, committed 9920K, reserved 1048576K
}
Event: 2962.895 GC heap before
{Heap before GC invocations=393 (full 229):
 garbage-first heap   total 324608K, used 98106K [0x00000000c0000000, 0x0000000100000000)
  region size 1024K, 1 young (1024K), 0 survivors (0K)
 Metaspace       used 71054K, committed 71488K, reserved 1114112K
  class space    used 9715K, committed 9920K, reserved 1048576K
}
Event: 2963.009 GC heap after
{Heap after GC invocations=394 (full 230):
 garbage-first heap   total 324608K, used 98106K [0x00000000c0000000, 0x0000000100000000)
  region size 1024K, 0 young (0K), 0 survivors (0K)
 Metaspace       used 71054K, committed 71488K, reserved 1114112K
  class space    used 9715K, committed 9920K, reserved 1048576K
}
Event: 2974.083 GC heap before
{Heap before GC invocations=394 (full 230):
 garbage-first heap   total 324608K, used 98106K [0x00000000c0000000, 0x0000000100000000)
  region size 1024K, 1 young (1024K), 0 survivors (0K)
 Metaspace       used 71054K, committed 71488K, reserved 1114112K
  class space    used 9715K, committed 9920K, reserved 1048576K
}
Event: 2974.246 GC heap after
{Heap after GC invocations=395 (full 231):
 garbage-first heap   total 324608K, used 98106K [0x00000000c0000000, 0x0000000100000000)
  region size 1024K, 0 young (0K), 0 survivors (0K)
 Metaspace       used 71054K, committed 71488K, reserved 1114112K
  class space    used 9715K, committed 9920K, reserved 1048576K
}
Event: 2985.102 GC heap before
{Heap before GC invocations=395 (full 231):
 garbage-first heap   total 324608K, used 98106K [0x00000000c0000000, 0x0000000100000000)
  region size 1024K, 1 young (1024K), 0 survivors (0K)
 Metaspace       used 71054K, committed 71488K, reserved 1114112K
  class space    used 9715K, committed 9920K, reserved 1048576K
}
Event: 2985.228 GC heap after
{Heap after GC invocations=396 (full 232):
 garbage-first heap   total 324608K, used 98106K [0x00000000c0000000, 0x0000000100000000)
  region size 1024K, 0 young (0K), 0 survivors (0K)
 Metaspace       used 71054K, committed 71488K, reserved 1114112K
  class space    used 9715K, committed 9920K, reserved 1048576K
}
Event: 2997.493 GC heap before
{Heap before GC invocations=396 (full 232):
 garbage-first heap   total 324608K, used 98106K [0x00000000c0000000, 0x0000000100000000)
  region size 1024K, 1 young (1024K), 0 survivors (0K)
 Metaspace       used 71054K, committed 71488K, reserved 1114112K
  class space    used 9715K, committed 9920K, reserved 1048576K
}
Event: 2997.616 GC heap after
{Heap after GC invocations=397 (full 233):
 garbage-first heap   total 324608K, used 98106K [0x00000000c0000000, 0x0000000100000000)
  region size 1024K, 0 young (0K), 0 survivors (0K)
 Metaspace       used 71054K, committed 71488K, reserved 1114112K
  class space    used 9715K, committed 9920K, reserved 1048576K
}
Event: 3007.880 GC heap before
{Heap before GC invocations=397 (full 233):
 garbage-first heap   total 324608K, used 98106K [0x00000000c0000000, 0x0000000100000000)
  region size 1024K, 1 young (1024K), 0 survivors (0K)
 Metaspace       used 71054K, committed 71488K, reserved 1114112K
  class space    used 9715K, committed 9920K, reserved 1048576K
}
Event: 3007.989 GC heap after
{Heap after GC invocations=398 (full 234):
 garbage-first heap   total 324608K, used 98106K [0x00000000c0000000, 0x0000000100000000)
  region size 1024K, 0 young (0K), 0 survivors (0K)
 Metaspace       used 71054K, committed 71488K, reserved 1114112K
  class space    used 9715K, committed 9920K, reserved 1048576K
}
Event: 3018.218 GC heap before
{Heap before GC invocations=398 (full 234):
 garbage-first heap   total 324608K, used 98106K [0x00000000c0000000, 0x0000000100000000)
  region size 1024K, 1 young (1024K), 0 survivors (0K)
 Metaspace       used 71054K, committed 71488K, reserved 1114112K
  class space    used 9715K, committed 9920K, reserved 1048576K
}
Event: 3018.327 GC heap after
{Heap after GC invocations=399 (full 235):
 garbage-first heap   total 324608K, used 98106K [0x00000000c0000000, 0x0000000100000000)
  region size 1024K, 0 young (0K), 0 survivors (0K)
 Metaspace       used 71054K, committed 71488K, reserved 1114112K
  class space    used 9715K, committed 9920K, reserved 1048576K
}
Event: 3028.545 GC heap before
{Heap before GC invocations=399 (full 235):
 garbage-first heap   total 324608K, used 98106K [0x00000000c0000000, 0x0000000100000000)
  region size 1024K, 1 young (1024K), 0 survivors (0K)
 Metaspace       used 71054K, committed 71488K, reserved 1114112K
  class space    used 9715K, committed 9920K, reserved 1048576K
}
Event: 3028.654 GC heap after
{Heap after GC invocations=400 (full 236):
 garbage-first heap   total 324608K, used 98106K [0x00000000c0000000, 0x0000000100000000)
  region size 1024K, 0 young (0K), 0 survivors (0K)
 Metaspace       used 71054K, committed 71488K, reserved 1114112K
  class space    used 9715K, committed 9920K, reserved 1048576K
}

