# JRE version: OpenJDK Runtime Environment Temurin-17.0.7+7 (17.0.7+7) (build 17.0.7+7)
# Java VM: OpenJDK 64-Bit Server VM Temurin-17.0.7+7 (17.0.7+7, mixed mode, emulated-client, tiered, compressed oops, compressed class ptrs, g1 gc, windows-amd64)
GC Precious Log:
 CPUs: 4 total, 4 available
 Memory: 3659M
 Large Page Support: Disabled
 NUMA Support: Disabled
 Compressed Oops: Enabled (32-bit)
 Heap Region Size: 1M
 Heap Min Capacity: 8M
 Heap Initial Capacity: 58M
 Heap Max Capacity: 1G
 Pre-touch: Disabled
 Parallel Workers: 4
 Concurrent Workers: 1
 Concurrent Refinement Workers: 4
 Periodic GC: Disabled
Heap:
 garbage-first heap   total 65536K, used 40817K [0x00000000c0000000, 0x0000000100000000)
  region size 1024K, 1 young (1024K), 1 survivors (1024K)
 Metaspace       used 36388K, committed 36800K, reserved 1114112K
  class space    used 4794K, committed 4992K, reserved 1048576K
GC Heap History (20 events):
Event: 13.118 GC heap after
{Heap after GC invocations=10 (full 0):
 garbage-first heap   total 45056K, used 17917K [0x00000000c0000000, 0x0000000100000000)
  region size 1024K, 2 young (2048K), 2 survivors (2048K)
 Metaspace       used 33239K, committed 33600K, reserved 1114112K
  class space    used 4294K, committed 4480K, reserved 1048576K
}
Event: 14.565 GC heap before
{Heap before GC invocations=10 (full 0):
 garbage-first heap   total 45056K, used 30205K [0x00000000c0000000, 0x0000000100000000)
  region size 1024K, 15 young (15360K), 2 survivors (2048K)
 Metaspace       used 35736K, committed 36096K, reserved 1114112K
  class space    used 4681K, committed 4864K, reserved 1048576K
}
Event: 14.572 GC heap after
{Heap after GC invocations=11 (full 0):
 garbage-first heap   total 45056K, used 19332K [0x00000000c0000000, 0x0000000100000000)
  region size 1024K, 2 young (2048K), 2 survivors (2048K)
 Metaspace       used 35736K, committed 36096K, reserved 1114112K
  class space    used 4681K, committed 4864K, reserved 1048576K
}
Event: 14.957 GC heap before
{Heap before GC invocations=12 (full 0):
 garbage-first heap   total 45056K, used 31620K [0x00000000c0000000, 0x0000000100000000)
  region size 1024K, 15 young (15360K), 2 survivors (2048K)
 Metaspace       used 36265K, committed 36736K, reserved 1114112K
  class space    used 4775K, committed 4992K, reserved 1048576K
}
Event: 14.964 GC heap after
{Heap after GC invocations=13 (full 0):
 garbage-first heap   total 45056K, used 22053K [0x00000000c0000000, 0x0000000100000000)
  region size 1024K, 2 young (2048K), 2 survivors (2048K)
 Metaspace       used 36265K, committed 36736K, reserved 1114112K
  class space    used 4775K, committed 4992K, reserved 1048576K
}
Event: 15.177 GC heap before
{Heap before GC invocations=13 (full 0):
 garbage-first heap   total 45056K, used 33317K [0x00000000c0000000, 0x0000000100000000)
  region size 1024K, 13 young (13312K), 2 survivors (2048K)
 Metaspace       used 36265K, committed 36736K, reserved 1114112K
  class space    used 4775K, committed 4992K, reserved 1048576K
}
Event: 15.183 GC heap after
{Heap after GC invocations=14 (full 0):
 garbage-first heap   total 54272K, used 24242K [0x00000000c0000000, 0x0000000100000000)
  region size 1024K, 2 young (2048K), 2 survivors (2048K)
 Metaspace       used 36265K, committed 36736K, reserved 1114112K
  class space    used 4775K, committed 4992K, reserved 1048576K
}
Event: 15.480 GC heap before
{Heap before GC invocations=15 (full 0):
 garbage-first heap   total 54272K, used 38578K [0x00000000c0000000, 0x0000000100000000)
  region size 1024K, 17 young (17408K), 2 survivors (2048K)
 Metaspace       used 36265K, committed 36736K, reserved 1114112K
  class space    used 4775K, committed 4992K, reserved 1048576K
}
Event: 15.485 GC heap after
{Heap after GC invocations=16 (full 0):
 garbage-first heap   total 54272K, used 27648K [0x00000000c0000000, 0x0000000100000000)
  region size 1024K, 3 young (3072K), 3 survivors (3072K)
 Metaspace       used 36265K, committed 36736K, reserved 1114112K
  class space    used 4775K, committed 4992K, reserved 1048576K
}
Event: 15.626 GC heap before
{Heap before GC invocations=16 (full 0):
 garbage-first heap   total 54272K, used 38912K [0x00000000c0000000, 0x0000000100000000)
  region size 1024K, 15 young (15360K), 3 survivors (3072K)
 Metaspace       used 36384K, committed 36800K, reserved 1114112K
  class space    used 4794K, committed 4992K, reserved 1048576K
}
Event: 15.631 GC heap after
{Heap after GC invocations=17 (full 0):
 garbage-first heap   total 54272K, used 30094K [0x00000000c0000000, 0x0000000100000000)
  region size 1024K, 2 young (2048K), 2 survivors (2048K)
 Metaspace       used 36384K, committed 36800K, reserved 1114112K
  class space    used 4794K, committed 4992K, reserved 1048576K
}
Event: 15.729 GC heap before
{Heap before GC invocations=18 (full 0):
 garbage-first heap   total 63488K, used 41358K [0x00000000c0000000, 0x0000000100000000)
  region size 1024K, 13 young (13312K), 2 survivors (2048K)
 Metaspace       used 36384K, committed 36800K, reserved 1114112K
  class space    used 4794K, committed 4992K, reserved 1048576K
}
Event: 15.734 GC heap after
{Heap after GC invocations=19 (full 0):
 garbage-first heap   total 63488K, used 32335K [0x00000000c0000000, 0x0000000100000000)
  region size 1024K, 2 young (2048K), 2 survivors (2048K)
 Metaspace       used 36384K, committed 36800K, reserved 1114112K
  class space    used 4794K, committed 4992K, reserved 1048576K
}
Event: 15.823 GC heap before
{Heap before GC invocations=19 (full 0):
 garbage-first heap   total 63488K, used 46671K [0x00000000c0000000, 0x0000000100000000)
  region size 1024K, 17 young (17408K), 2 survivors (2048K)
 Metaspace       used 36384K, committed 36800K, reserved 1114112K
  class space    used 4794K, committed 4992K, reserved 1048576K
}
Event: 15.830 GC heap after
{Heap after GC invocations=20 (full 0):
 garbage-first heap   total 63488K, used 34820K [0x00000000c0000000, 0x0000000100000000)
  region size 1024K, 3 young (3072K), 3 survivors (3072K)
 Metaspace       used 36384K, committed 36800K, reserved 1114112K
  class space    used 4794K, committed 4992K, reserved 1048576K
}
Event: 15.905 GC heap before
{Heap before GC invocations=20 (full 0):
 garbage-first heap   total 63488K, used 48132K [0x00000000c0000000, 0x0000000100000000)
  region size 1024K, 16 young (16384K), 3 survivors (3072K)
 Metaspace       used 36384K, committed 36800K, reserved 1114112K
  class space    used 4794K, committed 4992K, reserved 1048576K
}
Event: 15.911 GC heap after
{Heap after GC invocations=21 (full 0):
 garbage-first heap   total 63488K, used 37250K [0x00000000c0000000, 0x0000000100000000)
  region size 1024K, 2 young (2048K), 2 survivors (2048K)
 Metaspace       used 36384K, committed 36800K, reserved 1114112K
  class space    used 4794K, committed 4992K, reserved 1048576K
}
Event: 16.046 GC heap before
{Heap before GC invocations=22 (full 0):
 garbage-first heap   total 65536K, used 49538K [0x00000000c0000000, 0x0000000100000000)
  region size 1024K, 14 young (14336K), 2 survivors (2048K)
 Metaspace       used 36388K, committed 36800K, reserved 1114112K
  class space    used 4794K, committed 4992K, reserved 1048576K
}
Event: 16.053 GC heap after
{Heap after GC invocations=23 (full 0):
 garbage-first heap   total 65536K, used 40538K [0x00000000c0000000, 0x0000000100000000)
  region size 1024K, 2 young (2048K), 2 survivors (2048K)
 Metaspace       used 36388K, committed 36800K, reserved 1114112K
  class space    used 4794K, committed 4992K, reserved 1048576K
}
Event: 16.058 GC heap before
{Heap before GC invocations=23 (full 0):
 garbage-first heap   total 65536K, used 41562K [0x00000000c0000000, 0x0000000100000000)
  region size 1024K, 3 young (3072K), 2 survivors (2048K)
 Metaspace       used 36388K, committed 36800K, reserved 1114112K
  class space    used 4794K, committed 4992K, reserved 1048576K
}

