# JRE version: Java(TM) SE Runtime Environment (19.0+36) (build 19+36-2238)
# Java VM: Java HotSpot(TM) 64-Bit Server VM (19+36-2238, mixed mode, sharing, tiered, compressed oops, compressed class ptrs, g1 gc, windows-amd64)
GC Precious Log:
 CardTable entry size: 512
 Card Set container configuration: InlinePtr #cards 5 size 8 Array Of Cards #cards 12 size 40 Howl #buckets 4 coarsen threshold 1843 Howl Bitmap #cards 512 size 80 coarsen threshold 460 Card regions per heap region 1 cards per card region 2048
 CPUs: 4 total, 4 available
 Memory: 3659M
 Large Page Support: Disabled
 NUMA Support: Disabled
 Compressed Oops: Enabled (32-bit)
 Heap Region Size: 1M
 Heap Min Capacity: 8M
 Heap Initial Capacity: 58M
 Heap Max Capacity: 916M
 Pre-touch: Disabled
 Parallel Workers: 4
 Concurrent Workers: 1
 Concurrent Refinement Workers: 4
 Periodic GC: Disabled
Heap:
 garbage-first heap   total 71680K, used 58504K [0x00000000c6c00000, 0x0000000100000000)
  region size 1024K, 6 young (6144K), 2 survivors (2048K)
 Metaspace       used 17208K, committed 17472K, reserved 1114112K
  class space    used 1863K, committed 1984K, reserved 1048576K
GC Heap History (18 events):
Event: 0.996 GC heap before
{Heap before GC invocations=0 (full 0):
 garbage-first heap   total 59392K, used 13312K [0x00000000c6c00000, 0x0000000100000000)
  region size 1024K, 13 young (13312K), 0 survivors (0K)
 Metaspace       used 3729K, committed 3904K, reserved 1114112K
  class space    used 373K, committed 448K, reserved 1048576K
}
Event: 1.004 GC heap after
{Heap after GC invocations=1 (full 0):
 garbage-first heap   total 59392K, used 3104K [0x00000000c6c00000, 0x0000000100000000)
  region size 1024K, 2 young (2048K), 2 survivors (2048K)
 Metaspace       used 3729K, committed 3904K, reserved 1114112K
  class space    used 373K, committed 448K, reserved 1048576K
}
Event: 1.545 GC heap before
{Heap before GC invocations=1 (full 0):
 garbage-first heap   total 59392K, used 16416K [0x00000000c6c00000, 0x0000000100000000)
  region size 1024K, 16 young (16384K), 2 survivors (2048K)
 Metaspace       used 5851K, committed 5952K, reserved 1114112K
  class space    used 662K, committed 704K, reserved 1048576K
}
Event: 1.551 GC heap after
{Heap after GC invocations=2 (full 0):
 garbage-first heap   total 59392K, used 3827K [0x00000000c6c00000, 0x0000000100000000)
  region size 1024K, 1 young (1024K), 1 survivors (1024K)
 Metaspace       used 5851K, committed 5952K, reserved 1114112K
  class space    used 662K, committed 704K, reserved 1048576K
}
Event: 3.422 GC heap before
{Heap before GC invocations=2 (full 0):
 garbage-first heap   total 59392K, used 36595K [0x00000000c6c00000, 0x0000000100000000)
  region size 1024K, 34 young (34816K), 1 survivors (1024K)
 Metaspace       used 11774K, committed 12032K, reserved 1114112K
  class space    used 1411K, committed 1536K, reserved 1048576K
}
Event: 3.432 GC heap after
{Heap after GC invocations=3 (full 0):
 garbage-first heap   total 59392K, used 6240K [0x00000000c6c00000, 0x0000000100000000)
  region size 1024K, 3 young (3072K), 3 survivors (3072K)
 Metaspace       used 11774K, committed 12032K, reserved 1114112K
  class space    used 1411K, committed 1536K, reserved 1048576K
}
Event: 4.781 GC heap before
{Heap before GC invocations=3 (full 0):
 garbage-first heap   total 59392K, used 37984K [0x00000000c6c00000, 0x0000000100000000)
  region size 1024K, 34 young (34816K), 3 survivors (3072K)
 Metaspace       used 15107K, committed 15360K, reserved 1114112K
  class space    used 1718K, committed 1856K, reserved 1048576K
}
Event: 4.806 GC heap after
{Heap after GC invocations=4 (full 0):
 garbage-first heap   total 59392K, used 10317K [0x00000000c6c00000, 0x0000000100000000)
  region size 1024K, 5 young (5120K), 5 survivors (5120K)
 Metaspace       used 15107K, committed 15360K, reserved 1114112K
  class space    used 1718K, committed 1856K, reserved 1048576K
}
Event: 5.643 GC heap before
{Heap before GC invocations=4 (full 0):
 garbage-first heap   total 59392K, used 40013K [0x00000000c6c00000, 0x0000000100000000)
  region size 1024K, 34 young (34816K), 5 survivors (5120K)
 Metaspace       used 15575K, committed 15808K, reserved 1114112K
  class space    used 1751K, committed 1856K, reserved 1048576K
}
Event: 5.682 GC heap after
{Heap after GC invocations=5 (full 0):
 garbage-first heap   total 59392K, used 15509K [0x00000000c6c00000, 0x0000000100000000)
  region size 1024K, 5 young (5120K), 5 survivors (5120K)
 Metaspace       used 15575K, committed 15808K, reserved 1114112K
  class space    used 1751K, committed 1856K, reserved 1048576K
}
Event: 6.396 GC heap before
{Heap before GC invocations=5 (full 0):
 garbage-first heap   total 59392K, used 41109K [0x00000000c6c00000, 0x0000000100000000)
  region size 1024K, 30 young (30720K), 5 survivors (5120K)
 Metaspace       used 15820K, committed 16064K, reserved 1114112K
  class space    used 1753K, committed 1856K, reserved 1048576K
}
Event: 6.416 GC heap after
{Heap after GC invocations=6 (full 0):
 garbage-first heap   total 59392K, used 18317K [0x00000000c6c00000, 0x0000000100000000)
  region size 1024K, 3 young (3072K), 3 survivors (3072K)
 Metaspace       used 15820K, committed 16064K, reserved 1114112K
  class space    used 1753K, committed 1856K, reserved 1048576K
}
Event: 7.009 GC heap before
{Heap before GC invocations=6 (full 0):
 garbage-first heap   total 59392K, used 41869K [0x00000000c6c00000, 0x0000000100000000)
  region size 1024K, 26 young (26624K), 3 survivors (3072K)
 Metaspace       used 15999K, committed 16192K, reserved 1114112K
  class space    used 1753K, committed 1856K, reserved 1048576K
}
Event: 7.032 GC heap after
{Heap after GC invocations=7 (full 0):
 garbage-first heap   total 71680K, used 21256K [0x00000000c6c00000, 0x0000000100000000)
  region size 1024K, 3 young (3072K), 3 survivors (3072K)
 Metaspace       used 15999K, committed 16192K, reserved 1114112K
  class space    used 1753K, committed 1856K, reserved 1048576K
}
Event: 8.316 GC heap before
{Heap before GC invocations=7 (full 0):
 garbage-first heap   total 71680K, used 54024K [0x00000000c6c00000, 0x0000000100000000)
  region size 1024K, 28 young (28672K), 3 survivors (3072K)
 Metaspace       used 17175K, committed 17408K, reserved 1114112K
  class space    used 1860K, committed 1984K, reserved 1048576K
}
Event: 8.330 GC heap after
{Heap after GC invocations=8 (full 0):
 garbage-first heap   total 71680K, used 31060K [0x00000000c6c00000, 0x0000000100000000)
  region size 1024K, 2 young (2048K), 2 survivors (2048K)
 Metaspace       used 17175K, committed 17408K, reserved 1114112K
  class space    used 1860K, committed 1984K, reserved 1048576K
}
Event: 8.334 GC heap before
{Heap before GC invocations=8 (full 0):
 garbage-first heap   total 71680K, used 43348K [0x00000000c6c00000, 0x0000000100000000)
  region size 1024K, 3 young (3072K), 2 survivors (2048K)
 Metaspace       used 17176K, committed 17408K, reserved 1114112K
  class space    used 1860K, committed 1984K, reserved 1048576K
}
Event: 8.339 GC heap after
{Heap after GC invocations=9 (full 0):
 garbage-first heap   total 71680K, used 43144K [0x00000000c6c00000, 0x0000000100000000)
  region size 1024K, 2 young (2048K), 2 survivors (2048K)
 Metaspace       used 17176K, committed 17408K, reserved 1114112K
  class space    used 1860K, committed 1984K, reserved 1048576K
}

