# JRE version: OpenJDK Runtime Environment Temurin-17.0.7+7 (17.0.7+7) (build 17.0.7+7)
# Java VM: OpenJDK 64-Bit Server VM Temurin-17.0.7+7 (17.0.7+7, mixed mode, emulated-client, tiered, compressed oops, compressed class ptrs, g1 gc, windows-amd64)
GC Precious Log:
 CPUs: 4 total, 4 available
 Memory: 3659M
 Large Page Support: Disabled
 NUMA Support: Disabled
 Compressed Oops: Enabled (32-bit)
 Heap Region Size: 1M
 Heap Min Capacity: 8M
 Heap Initial Capacity: 58M
 Heap Max Capacity: 1G
 Pre-touch: Disabled
 Parallel Workers: 4
 Concurrent Workers: 1
 Concurrent Refinement Workers: 4
 Periodic GC: Disabled
Heap:
 garbage-first heap   total 45056K, used 13984K [0x00000000c0000000, 0x0000000100000000)
  region size 1024K, 1 young (1024K), 0 survivors (0K)
 Metaspace       used 34520K, committed 35008K, reserved 1114112K
  class space    used 4473K, committed 4672K, reserved 1048576K
GC Heap History (20 events):
Event: 351.348 GC heap before
{Heap before GC invocations=37 (full 27):
 garbage-first heap   total 45056K, used 13984K [0x00000000c0000000, 0x0000000100000000)
  region size 1024K, 1 young (1024K), 0 survivors (0K)
 Metaspace       used 34520K, committed 35008K, reserved 1114112K
  class space    used 4473K, committed 4672K, reserved 1048576K
}
Event: 351.382 GC heap after
{Heap after GC invocations=38 (full 28):
 garbage-first heap   total 45056K, used 13984K [0x00000000c0000000, 0x0000000100000000)
  region size 1024K, 0 young (0K), 0 survivors (0K)
 Metaspace       used 34520K, committed 35008K, reserved 1114112K
  class space    used 4473K, committed 4672K, reserved 1048576K
}
Event: 361.865 GC heap before
{Heap before GC invocations=38 (full 28):
 garbage-first heap   total 45056K, used 13984K [0x00000000c0000000, 0x0000000100000000)
  region size 1024K, 1 young (1024K), 0 survivors (0K)
 Metaspace       used 34520K, committed 35008K, reserved 1114112K
  class space    used 4473K, committed 4672K, reserved 1048576K
}
Event: 361.890 GC heap after
{Heap after GC invocations=39 (full 29):
 garbage-first heap   total 45056K, used 13984K [0x00000000c0000000, 0x0000000100000000)
  region size 1024K, 0 young (0K), 0 survivors (0K)
 Metaspace       used 34520K, committed 35008K, reserved 1114112K
  class space    used 4473K, committed 4672K, reserved 1048576K
}
Event: 372.191 GC heap before
{Heap before GC invocations=39 (full 29):
 garbage-first heap   total 45056K, used 13984K [0x00000000c0000000, 0x0000000100000000)
  region size 1024K, 1 young (1024K), 0 survivors (0K)
 Metaspace       used 34520K, committed 35008K, reserved 1114112K
  class space    used 4473K, committed 4672K, reserved 1048576K
}
Event: 372.227 GC heap after
{Heap after GC invocations=40 (full 30):
 garbage-first heap   total 45056K, used 13984K [0x00000000c0000000, 0x0000000100000000)
  region size 1024K, 0 young (0K), 0 survivors (0K)
 Metaspace       used 34520K, committed 35008K, reserved 1114112K
  class space    used 4473K, committed 4672K, reserved 1048576K
}
Event: 382.488 GC heap before
{Heap before GC invocations=40 (full 30):
 garbage-first heap   total 45056K, used 13984K [0x00000000c0000000, 0x0000000100000000)
  region size 1024K, 1 young (1024K), 0 survivors (0K)
 Metaspace       used 34520K, committed 35008K, reserved 1114112K
  class space    used 4473K, committed 4672K, reserved 1048576K
}
Event: 382.514 GC heap after
{Heap after GC invocations=41 (full 31):
 garbage-first heap   total 45056K, used 13984K [0x00000000c0000000, 0x0000000100000000)
  region size 1024K, 0 young (0K), 0 survivors (0K)
 Metaspace       used 34520K, committed 35008K, reserved 1114112K
  class space    used 4473K, committed 4672K, reserved 1048576K
}
Event: 392.738 GC heap before
{Heap before GC invocations=41 (full 31):
 garbage-first heap   total 45056K, used 13984K [0x00000000c0000000, 0x0000000100000000)
  region size 1024K, 1 young (1024K), 0 survivors (0K)
 Metaspace       used 34520K, committed 35008K, reserved 1114112K
  class space    used 4473K, committed 4672K, reserved 1048576K
}
Event: 392.765 GC heap after
{Heap after GC invocations=42 (full 32):
 garbage-first heap   total 45056K, used 13984K [0x00000000c0000000, 0x0000000100000000)
  region size 1024K, 0 young (0K), 0 survivors (0K)
 Metaspace       used 34520K, committed 35008K, reserved 1114112K
  class space    used 4473K, committed 4672K, reserved 1048576K
}
Event: 403.022 GC heap before
{Heap before GC invocations=42 (full 32):
 garbage-first heap   total 45056K, used 13984K [0x00000000c0000000, 0x0000000100000000)
  region size 1024K, 1 young (1024K), 0 survivors (0K)
 Metaspace       used 34520K, committed 35008K, reserved 1114112K
  class space    used 4473K, committed 4672K, reserved 1048576K
}
Event: 403.056 GC heap after
{Heap after GC invocations=43 (full 33):
 garbage-first heap   total 45056K, used 13984K [0x00000000c0000000, 0x0000000100000000)
  region size 1024K, 0 young (0K), 0 survivors (0K)
 Metaspace       used 34520K, committed 35008K, reserved 1114112K
  class space    used 4473K, committed 4672K, reserved 1048576K
}
Event: 413.449 GC heap before
{Heap before GC invocations=43 (full 33):
 garbage-first heap   total 45056K, used 13984K [0x00000000c0000000, 0x0000000100000000)
  region size 1024K, 1 young (1024K), 0 survivors (0K)
 Metaspace       used 34520K, committed 35008K, reserved 1114112K
  class space    used 4473K, committed 4672K, reserved 1048576K
}
Event: 413.487 GC heap after
{Heap after GC invocations=44 (full 34):
 garbage-first heap   total 45056K, used 13984K [0x00000000c0000000, 0x0000000100000000)
  region size 1024K, 0 young (0K), 0 survivors (0K)
 Metaspace       used 34520K, committed 35008K, reserved 1114112K
  class space    used 4473K, committed 4672K, reserved 1048576K
}
Event: 423.845 GC heap before
{Heap before GC invocations=44 (full 34):
 garbage-first heap   total 45056K, used 13984K [0x00000000c0000000, 0x0000000100000000)
  region size 1024K, 1 young (1024K), 0 survivors (0K)
 Metaspace       used 34520K, committed 35008K, reserved 1114112K
  class space    used 4473K, committed 4672K, reserved 1048576K
}
Event: 423.878 GC heap after
{Heap after GC invocations=45 (full 35):
 garbage-first heap   total 45056K, used 13984K [0x00000000c0000000, 0x0000000100000000)
  region size 1024K, 0 young (0K), 0 survivors (0K)
 Metaspace       used 34520K, committed 35008K, reserved 1114112K
  class space    used 4473K, committed 4672K, reserved 1048576K
}
Event: 434.132 GC heap before
{Heap before GC invocations=45 (full 35):
 garbage-first heap   total 45056K, used 13984K [0x00000000c0000000, 0x0000000100000000)
  region size 1024K, 1 young (1024K), 0 survivors (0K)
 Metaspace       used 34520K, committed 35008K, reserved 1114112K
  class space    used 4473K, committed 4672K, reserved 1048576K
}
Event: 434.169 GC heap after
{Heap after GC invocations=46 (full 36):
 garbage-first heap   total 45056K, used 13984K [0x00000000c0000000, 0x0000000100000000)
  region size 1024K, 0 young (0K), 0 survivors (0K)
 Metaspace       used 34520K, committed 35008K, reserved 1114112K
  class space    used 4473K, committed 4672K, reserved 1048576K
}
Event: 444.735 GC heap before
{Heap before GC invocations=46 (full 36):
 garbage-first heap   total 45056K, used 13984K [0x00000000c0000000, 0x0000000100000000)
  region size 1024K, 1 young (1024K), 0 survivors (0K)
 Metaspace       used 34520K, committed 35008K, reserved 1114112K
  class space    used 4473K, committed 4672K, reserved 1048576K
}
Event: 444.771 GC heap after
{Heap after GC invocations=47 (full 37):
 garbage-first heap   total 45056K, used 13984K [0x00000000c0000000, 0x0000000100000000)
  region size 1024K, 0 young (0K), 0 survivors (0K)
 Metaspace       used 34520K, committed 35008K, reserved 1114112K
  class space    used 4473K, committed 4672K, reserved 1048576K
}

